<?xml version="1.0" encoding="UTF-8"?>
<testsuite xmlns:xsi="http://www.w3.org/2001/XMLSchema-instance" xsi:noNamespaceSchemaLocation="https://maven.apache.org/surefire/maven-failsafe-plugin/xsd/failsafe-test-report-3.0.xsd" version="3.0" name="com.test.stepdefs.InitialIT" time="0.104" tests="3" errors="2" skipped="0" failures="0">
  <properties>
    <property name="java.specification.version" value="13"/>
    <property name="webdriver.chrome.driver" value="/Users/amit/Desktop/amit/projects/misc/chromedriver"/>
    <property name="sun.jnu.encoding" value="UTF-8"/>
    <property name="java.class.path" value="/Users/amit/Desktop/amit/projects/cucumber-java/target/test-classes:/Users/amit/.m2/repository/junit/junit/4.13/junit-4.13.jar:/Users/amit/.m2/repository/org/hamcrest/hamcrest-core/1.3/hamcrest-core-1.3.jar:/Users/amit/.m2/repository/io/cucumber/cucumber-java/6.9.1/cucumber-java-6.9.1.jar:/Users/amit/.m2/repository/io/cucumber/cucumber-core/6.9.1/cucumber-core-6.9.1.jar:/Users/amit/.m2/repository/io/cucumber/cucumber-gherkin/6.9.1/cucumber-gherkin-6.9.1.jar:/Users/amit/.m2/repository/io/cucumber/cucumber-gherkin-messages/6.9.1/cucumber-gherkin-messages-6.9.1.jar:/Users/amit/.m2/repository/io/cucumber/messages/13.2.1/messages-13.2.1.jar:/Users/amit/.m2/repository/io/cucumber/tag-expressions/3.0.0/tag-expressions-3.0.0.jar:/Users/amit/.m2/repository/io/cucumber/cucumber-expressions/10.3.0/cucumber-expressions-10.3.0.jar:/Users/amit/.m2/repository/io/cucumber/datatable/3.5.0/datatable-3.5.0.jar:/Users/amit/.m2/repository/io/cucumber/cucumber-plugin/6.9.1/cucumber-plugin-6.9.1.jar:/Users/amit/.m2/repository/io/cucumber/docstring/6.9.1/docstring-6.9.1.jar:/Users/amit/.m2/repository/io/cucumber/html-formatter/9.0.0/html-formatter-9.0.0.jar:/Users/amit/.m2/repository/io/cucumber/create-meta/2.0.4/create-meta-2.0.4.jar:/Users/amit/.m2/repository/org/apiguardian/apiguardian-api/1.1.0/apiguardian-api-1.1.0.jar:/Users/amit/.m2/repository/org/assertj/assertj-core/3.16.1/assertj-core-3.16.1.jar:/Users/amit/.m2/repository/org/apache/httpcomponents/httpclient/4.5.12/httpclient-4.5.12.jar:/Users/amit/.m2/repository/org/apache/httpcomponents/httpcore/4.4.13/httpcore-4.4.13.jar:/Users/amit/.m2/repository/commons-logging/commons-logging/1.2/commons-logging-1.2.jar:/Users/amit/.m2/repository/commons-codec/commons-codec/1.11/commons-codec-1.11.jar:/Users/amit/.m2/repository/org/seleniumhq/selenium/selenium-java/3.141.59/selenium-java-3.141.59.jar:/Users/amit/.m2/repository/org/seleniumhq/selenium/selenium-api/3.141.59/selenium-api-3.141.59.jar:/Users/amit/.m2/repository/org/seleniumhq/selenium/selenium-chrome-driver/3.141.59/selenium-chrome-driver-3.141.59.jar:/Users/amit/.m2/repository/org/seleniumhq/selenium/selenium-edge-driver/3.141.59/selenium-edge-driver-3.141.59.jar:/Users/amit/.m2/repository/org/seleniumhq/selenium/selenium-firefox-driver/3.141.59/selenium-firefox-driver-3.141.59.jar:/Users/amit/.m2/repository/org/seleniumhq/selenium/selenium-ie-driver/3.141.59/selenium-ie-driver-3.141.59.jar:/Users/amit/.m2/repository/org/seleniumhq/selenium/selenium-opera-driver/3.141.59/selenium-opera-driver-3.141.59.jar:/Users/amit/.m2/repository/org/seleniumhq/selenium/selenium-remote-driver/3.141.59/selenium-remote-driver-3.141.59.jar:/Users/amit/.m2/repository/org/seleniumhq/selenium/selenium-safari-driver/3.141.59/selenium-safari-driver-3.141.59.jar:/Users/amit/.m2/repository/org/seleniumhq/selenium/selenium-support/3.141.59/selenium-support-3.141.59.jar:/Users/amit/.m2/repository/net/bytebuddy/byte-buddy/1.8.15/byte-buddy-1.8.15.jar:/Users/amit/.m2/repository/org/apache/commons/commons-exec/1.3/commons-exec-1.3.jar:/Users/amit/.m2/repository/com/squareup/okhttp3/okhttp/3.11.0/okhttp-3.11.0.jar:/Users/amit/.m2/repository/com/squareup/okio/okio/1.14.0/okio-1.14.0.jar:/Users/amit/.m2/repository/com/google/guava/guava/25.0-jre/guava-25.0-jre.jar:/Users/amit/.m2/repository/com/google/code/findbugs/jsr305/1.3.9/jsr305-1.3.9.jar:/Users/amit/.m2/repository/org/checkerframework/checker-compat-qual/2.0.0/checker-compat-qual-2.0.0.jar:/Users/amit/.m2/repository/com/google/errorprone/error_prone_annotations/2.1.3/error_prone_annotations-2.1.3.jar:/Users/amit/.m2/repository/com/google/j2objc/j2objc-annotations/1.1/j2objc-annotations-1.1.jar:/Users/amit/.m2/repository/org/codehaus/mojo/animal-sniffer-annotations/1.14/animal-sniffer-annotations-1.14.jar:/Users/amit/.m2/repository/com/bazaarvoice/maven/plugins/process-exec-maven-plugin/0.9/process-exec-maven-plugin-0.9.jar:/Users/amit/.m2/repository/org/apache/maven/plugin-tools/maven-plugin-annotations/3.0/maven-plugin-annotations-3.0.jar:/Users/amit/.m2/repository/org/apache/maven/maven-artifact/3.0/maven-artifact-3.0.jar:/Users/amit/.m2/repository/org/apache/maven/maven-plugin-api/3.0/maven-plugin-api-3.0.jar:/Users/amit/.m2/repository/org/apache/maven/maven-model/3.0/maven-model-3.0.jar:/Users/amit/.m2/repository/org/sonatype/sisu/sisu-inject-plexus/1.4.2/sisu-inject-plexus-1.4.2.jar:/Users/amit/.m2/repository/org/sonatype/sisu/sisu-inject-bean/1.4.2/sisu-inject-bean-1.4.2.jar:/Users/amit/.m2/repository/org/sonatype/sisu/sisu-guice/2.1.7/sisu-guice-2.1.7-noaop.jar:/Users/amit/.m2/repository/org/apache/maven/maven-core/3.0/maven-core-3.0.jar:/Users/amit/.m2/repository/org/apache/maven/maven-settings/3.0/maven-settings-3.0.jar:/Users/amit/.m2/repository/org/apache/maven/maven-settings-builder/3.0/maven-settings-builder-3.0.jar:/Users/amit/.m2/repository/org/apache/maven/maven-repository-metadata/3.0/maven-repository-metadata-3.0.jar:/Users/amit/.m2/repository/org/apache/maven/maven-model-builder/3.0/maven-model-builder-3.0.jar:/Users/amit/.m2/repository/org/apache/maven/maven-aether-provider/3.0/maven-aether-provider-3.0.jar:/Users/amit/.m2/repository/org/sonatype/aether/aether-impl/1.7/aether-impl-1.7.jar:/Users/amit/.m2/repository/org/sonatype/aether/aether-spi/1.7/aether-spi-1.7.jar:/Users/amit/.m2/repository/org/sonatype/aether/aether-api/1.7/aether-api-1.7.jar:/Users/amit/.m2/repository/org/sonatype/aether/aether-util/1.7/aether-util-1.7.jar:/Users/amit/.m2/repository/org/codehaus/plexus/plexus-interpolation/1.14/plexus-interpolation-1.14.jar:/Users/amit/.m2/repository/org/codehaus/plexus/plexus-classworlds/2.2.3/plexus-classworlds-2.2.3.jar:/Users/amit/.m2/repository/org/codehaus/plexus/plexus-component-annotations/1.5.5/plexus-component-annotations-1.5.5.jar:/Users/amit/.m2/repository/org/sonatype/plexus/plexus-sec-dispatcher/1.3/plexus-sec-dispatcher-1.3.jar:/Users/amit/.m2/repository/org/sonatype/plexus/plexus-cipher/1.4/plexus-cipher-1.4.jar:/Users/amit/.m2/repository/commons-io/commons-io/2.1/commons-io-2.1.jar:/Users/amit/.m2/repository/org/slf4j/slf4j-api/2.0.0-alpha1/slf4j-api-2.0.0-alpha1.jar:/Users/amit/.m2/repository/org/slf4j/slf4j-simple/2.0.0-alpha1/slf4j-simple-2.0.0-alpha1.jar:/Users/amit/.m2/repository/io/cucumber/cucumber-guice/6.9.1/cucumber-guice-6.9.1.jar:/Users/amit/.m2/repository/com/google/inject/guice/4.2.3/guice-4.2.3.jar:/Users/amit/.m2/repository/javax/inject/javax.inject/1/javax.inject-1.jar:/Users/amit/.m2/repository/aopalliance/aopalliance/1.0/aopalliance-1.0.jar:/Users/amit/.m2/repository/io/cucumber/cucumber-junit-platform-engine/6.9.1/cucumber-junit-platform-engine-6.9.1.jar:/Users/amit/.m2/repository/org/junit/platform/junit-platform-engine/1.7.0/junit-platform-engine-1.7.0.jar:/Users/amit/.m2/repository/org/opentest4j/opentest4j/1.2.0/opentest4j-1.2.0.jar:/Users/amit/.m2/repository/org/junit/platform/junit-platform-commons/1.7.0/junit-platform-commons-1.7.0.jar:/Users/amit/.m2/repository/org/codehaus/mojo/build-helper-maven-plugin/3.2.0/build-helper-maven-plugin-3.2.0.jar:/Users/amit/.m2/repository/org/codehaus/plexus/plexus-utils/3.0.24/plexus-utils-3.0.24.jar:/Users/amit/.m2/repository/org/apache-extras/beanshell/bsh/2.0b6/bsh-2.0b6.jar:/Users/amit/.m2/repository/org/apache/maven/shared/file-management/3.0.0/file-management-3.0.0.jar:/Users/amit/.m2/repository/org/apache/maven/shared/maven-shared-io/3.0.0/maven-shared-io-3.0.0.jar:/Users/amit/.m2/repository/org/apache/maven/maven-compat/3.0/maven-compat-3.0.jar:/Users/amit/.m2/repository/org/apache/maven/wagon/wagon-provider-api/2.10/wagon-provider-api-2.10.jar:/Users/amit/.m2/repository/org/apache/maven/shared/maven-shared-utils/3.0.0/maven-shared-utils-3.0.0.jar:/Users/amit/.m2/repository/io/qameta/allure/allure-junit5/2.13.8/allure-junit5-2.13.8.jar:/Users/amit/.m2/repository/io/qameta/allure/allure-junit-platform/2.13.8/allure-junit-platform-2.13.8.jar:/Users/amit/.m2/repository/io/qameta/allure/allure-java-commons/2.13.8/allure-java-commons-2.13.8.jar:/Users/amit/.m2/repository/io/qameta/allure/allure-model/2.13.8/allure-model-2.13.8.jar:/Users/amit/.m2/repository/com/fasterxml/jackson/core/jackson-databind/2.11.3/jackson-databind-2.11.3.jar:/Users/amit/.m2/repository/com/fasterxml/jackson/core/jackson-annotations/2.11.3/jackson-annotations-2.11.3.jar:/Users/amit/.m2/repository/com/fasterxml/jackson/core/jackson-core/2.11.3/jackson-core-2.11.3.jar:/Users/amit/.m2/repository/org/apache/tika/tika-core/1.24.1/tika-core-1.24.1.jar:/Users/amit/.m2/repository/org/jooq/joor-java-8/0.9.13/joor-java-8-0.9.13.jar:/Users/amit/.m2/repository/org/junit/jupiter/junit-jupiter-api/5.7.0/junit-jupiter-api-5.7.0.jar:/Users/amit/.m2/repository/org/junit/platform/junit-platform-launcher/1.7.0/junit-platform-launcher-1.7.0.jar:/Users/amit/.m2/repository/org/aspectj/aspectjweaver/1.9.1/aspectjweaver-1.9.1.jar:/Users/amit/.m2/repository/org/apache/maven/surefire/surefire-report-parser/3.0.0-M5/surefire-report-parser-3.0.0-M5.jar:/Users/amit/.m2/repository/org/apache/maven/surefire/surefire-logger-api/3.0.0-M5/surefire-logger-api-3.0.0-M5.jar:/Users/amit/.m2/repository/org/apache/maven/surefire/surefire-shared-utils/3.0.0-M4/surefire-shared-utils-3.0.0-M4.jar:/Users/amit/.m2/repository/org/apache/maven/reporting/maven-reporting-api/3.0/maven-reporting-api-3.0.jar:/Users/amit/.m2/repository/org/apache/maven/reporting/maven-reporting-impl/3.0.0/maven-reporting-impl-3.0.0.jar:/Users/amit/.m2/repository/org/apache/maven/doxia/doxia-sink-api/1.9.1/doxia-sink-api-1.9.1.jar:/Users/amit/.m2/repository/org/apache/maven/doxia/doxia-logging-api/1.9.1/doxia-logging-api-1.9.1.jar:/Users/amit/.m2/repository/org/apache/maven/doxia/doxia-decoration-model/1.9.2/doxia-decoration-model-1.9.2.jar:/Users/amit/.m2/repository/org/apache/maven/doxia/doxia-core/1.9.1/doxia-core-1.9.1.jar:/Users/amit/.m2/repository/org/codehaus/plexus/plexus-container-default/1.7.1/plexus-container-default-1.7.1.jar:/Users/amit/.m2/repository/org/apache/xbean/xbean-reflect/3.7/xbean-reflect-3.7.jar:/Users/amit/.m2/repository/com/google/collections/google-collections/1.0/google-collections-1.0.jar:/Users/amit/.m2/repository/org/apache/commons/commons-lang3/3.5/commons-lang3-3.5.jar:/Users/amit/.m2/repository/org/apache/maven/doxia/doxia-site-renderer/1.9.2/doxia-site-renderer-1.9.2.jar:/Users/amit/.m2/repository/org/apache/maven/doxia/doxia-skin-model/1.9.2/doxia-skin-model-1.9.2.jar:/Users/amit/.m2/repository/org/apache/maven/doxia/doxia-module-xhtml/1.9.1/doxia-module-xhtml-1.9.1.jar:/Users/amit/.m2/repository/org/apache/maven/doxia/doxia-module-xhtml5/1.9.1/doxia-module-xhtml5-1.9.1.jar:/Users/amit/.m2/repository/org/codehaus/plexus/plexus-i18n/1.0-beta-10/plexus-i18n-1.0-beta-10.jar:/Users/amit/.m2/repository/org/codehaus/plexus/plexus-velocity/1.2/plexus-velocity-1.2.jar:/Users/amit/.m2/repository/org/apache/velocity/velocity/1.7/velocity-1.7.jar:/Users/amit/.m2/repository/org/apache/velocity/velocity-tools/2.0/velocity-tools-2.0.jar:/Users/amit/.m2/repository/commons-beanutils/commons-beanutils/1.7.0/commons-beanutils-1.7.0.jar:/Users/amit/.m2/repository/commons-digester/commons-digester/1.8/commons-digester-1.8.jar:/Users/amit/.m2/repository/commons-chain/commons-chain/1.1/commons-chain-1.1.jar:/Users/amit/.m2/repository/dom4j/dom4j/1.1/dom4j-1.1.jar:/Users/amit/.m2/repository/oro/oro/2.0.8/oro-2.0.8.jar:/Users/amit/.m2/repository/commons-collections/commons-collections/3.2.2/commons-collections-3.2.2.jar:/Users/amit/.m2/repository/commons-lang/commons-lang/2.6/commons-lang-2.6.jar:"/>
    <property name="java.vm.vendor" value="Oracle Corporation"/>
    <property name="sun.arch.data.model" value="64"/>
    <property name="java.vendor.url" value="https://java.oracle.com/"/>
    <property name="user.timezone" value="America/New_York"/>
    <property name="os.name" value="Mac OS X"/>
    <property name="java.vm.specification.version" value="13"/>
    <property name="sun.java.launcher" value="SUN_STANDARD"/>
    <property name="user.country" value="US"/>
    <property name="sun.boot.library.path" value="/Library/Java/JavaVirtualMachines/jdk-13.0.2.jdk/Contents/Home/lib"/>
    <property name="sun.java.command" value="org.apache.maven.surefire.booter.ForkedBooter /Users/amit/Desktop/amit/projects/cucumber-java/target/surefire 2021-01-19T18-36-52_549-jvmRun1 surefire8274914546939270639tmp surefire_09677793126713548795tmp"/>
    <property name="http.nonProxyHosts" value="local|*.local|169.254/16|*.169.254/16"/>
    <property name="jdk.debug" value="release"/>
    <property name="surefire.test.class.path" value="/Users/amit/Desktop/amit/projects/cucumber-java/target/test-classes:/Users/amit/.m2/repository/junit/junit/4.13/junit-4.13.jar:/Users/amit/.m2/repository/org/hamcrest/hamcrest-core/1.3/hamcrest-core-1.3.jar:/Users/amit/.m2/repository/io/cucumber/cucumber-java/6.9.1/cucumber-java-6.9.1.jar:/Users/amit/.m2/repository/io/cucumber/cucumber-core/6.9.1/cucumber-core-6.9.1.jar:/Users/amit/.m2/repository/io/cucumber/cucumber-gherkin/6.9.1/cucumber-gherkin-6.9.1.jar:/Users/amit/.m2/repository/io/cucumber/cucumber-gherkin-messages/6.9.1/cucumber-gherkin-messages-6.9.1.jar:/Users/amit/.m2/repository/io/cucumber/messages/13.2.1/messages-13.2.1.jar:/Users/amit/.m2/repository/io/cucumber/tag-expressions/3.0.0/tag-expressions-3.0.0.jar:/Users/amit/.m2/repository/io/cucumber/cucumber-expressions/10.3.0/cucumber-expressions-10.3.0.jar:/Users/amit/.m2/repository/io/cucumber/datatable/3.5.0/datatable-3.5.0.jar:/Users/amit/.m2/repository/io/cucumber/cucumber-plugin/6.9.1/cucumber-plugin-6.9.1.jar:/Users/amit/.m2/repository/io/cucumber/docstring/6.9.1/docstring-6.9.1.jar:/Users/amit/.m2/repository/io/cucumber/html-formatter/9.0.0/html-formatter-9.0.0.jar:/Users/amit/.m2/repository/io/cucumber/create-meta/2.0.4/create-meta-2.0.4.jar:/Users/amit/.m2/repository/org/apiguardian/apiguardian-api/1.1.0/apiguardian-api-1.1.0.jar:/Users/amit/.m2/repository/org/assertj/assertj-core/3.16.1/assertj-core-3.16.1.jar:/Users/amit/.m2/repository/org/apache/httpcomponents/httpclient/4.5.12/httpclient-4.5.12.jar:/Users/amit/.m2/repository/org/apache/httpcomponents/httpcore/4.4.13/httpcore-4.4.13.jar:/Users/amit/.m2/repository/commons-logging/commons-logging/1.2/commons-logging-1.2.jar:/Users/amit/.m2/repository/commons-codec/commons-codec/1.11/commons-codec-1.11.jar:/Users/amit/.m2/repository/org/seleniumhq/selenium/selenium-java/3.141.59/selenium-java-3.141.59.jar:/Users/amit/.m2/repository/org/seleniumhq/selenium/selenium-api/3.141.59/selenium-api-3.141.59.jar:/Users/amit/.m2/repository/org/seleniumhq/selenium/selenium-chrome-driver/3.141.59/selenium-chrome-driver-3.141.59.jar:/Users/amit/.m2/repository/org/seleniumhq/selenium/selenium-edge-driver/3.141.59/selenium-edge-driver-3.141.59.jar:/Users/amit/.m2/repository/org/seleniumhq/selenium/selenium-firefox-driver/3.141.59/selenium-firefox-driver-3.141.59.jar:/Users/amit/.m2/repository/org/seleniumhq/selenium/selenium-ie-driver/3.141.59/selenium-ie-driver-3.141.59.jar:/Users/amit/.m2/repository/org/seleniumhq/selenium/selenium-opera-driver/3.141.59/selenium-opera-driver-3.141.59.jar:/Users/amit/.m2/repository/org/seleniumhq/selenium/selenium-remote-driver/3.141.59/selenium-remote-driver-3.141.59.jar:/Users/amit/.m2/repository/org/seleniumhq/selenium/selenium-safari-driver/3.141.59/selenium-safari-driver-3.141.59.jar:/Users/amit/.m2/repository/org/seleniumhq/selenium/selenium-support/3.141.59/selenium-support-3.141.59.jar:/Users/amit/.m2/repository/net/bytebuddy/byte-buddy/1.8.15/byte-buddy-1.8.15.jar:/Users/amit/.m2/repository/org/apache/commons/commons-exec/1.3/commons-exec-1.3.jar:/Users/amit/.m2/repository/com/squareup/okhttp3/okhttp/3.11.0/okhttp-3.11.0.jar:/Users/amit/.m2/repository/com/squareup/okio/okio/1.14.0/okio-1.14.0.jar:/Users/amit/.m2/repository/com/google/guava/guava/25.0-jre/guava-25.0-jre.jar:/Users/amit/.m2/repository/com/google/code/findbugs/jsr305/1.3.9/jsr305-1.3.9.jar:/Users/amit/.m2/repository/org/checkerframework/checker-compat-qual/2.0.0/checker-compat-qual-2.0.0.jar:/Users/amit/.m2/repository/com/google/errorprone/error_prone_annotations/2.1.3/error_prone_annotations-2.1.3.jar:/Users/amit/.m2/repository/com/google/j2objc/j2objc-annotations/1.1/j2objc-annotations-1.1.jar:/Users/amit/.m2/repository/org/codehaus/mojo/animal-sniffer-annotations/1.14/animal-sniffer-annotations-1.14.jar:/Users/amit/.m2/repository/com/bazaarvoice/maven/plugins/process-exec-maven-plugin/0.9/process-exec-maven-plugin-0.9.jar:/Users/amit/.m2/repository/org/apache/maven/plugin-tools/maven-plugin-annotations/3.0/maven-plugin-annotations-3.0.jar:/Users/amit/.m2/repository/org/apache/maven/maven-artifact/3.0/maven-artifact-3.0.jar:/Users/amit/.m2/repository/org/apache/maven/maven-plugin-api/3.0/maven-plugin-api-3.0.jar:/Users/amit/.m2/repository/org/apache/maven/maven-model/3.0/maven-model-3.0.jar:/Users/amit/.m2/repository/org/sonatype/sisu/sisu-inject-plexus/1.4.2/sisu-inject-plexus-1.4.2.jar:/Users/amit/.m2/repository/org/sonatype/sisu/sisu-inject-bean/1.4.2/sisu-inject-bean-1.4.2.jar:/Users/amit/.m2/repository/org/sonatype/sisu/sisu-guice/2.1.7/sisu-guice-2.1.7-noaop.jar:/Users/amit/.m2/repository/org/apache/maven/maven-core/3.0/maven-core-3.0.jar:/Users/amit/.m2/repository/org/apache/maven/maven-settings/3.0/maven-settings-3.0.jar:/Users/amit/.m2/repository/org/apache/maven/maven-settings-builder/3.0/maven-settings-builder-3.0.jar:/Users/amit/.m2/repository/org/apache/maven/maven-repository-metadata/3.0/maven-repository-metadata-3.0.jar:/Users/amit/.m2/repository/org/apache/maven/maven-model-builder/3.0/maven-model-builder-3.0.jar:/Users/amit/.m2/repository/org/apache/maven/maven-aether-provider/3.0/maven-aether-provider-3.0.jar:/Users/amit/.m2/repository/org/sonatype/aether/aether-impl/1.7/aether-impl-1.7.jar:/Users/amit/.m2/repository/org/sonatype/aether/aether-spi/1.7/aether-spi-1.7.jar:/Users/amit/.m2/repository/org/sonatype/aether/aether-api/1.7/aether-api-1.7.jar:/Users/amit/.m2/repository/org/sonatype/aether/aether-util/1.7/aether-util-1.7.jar:/Users/amit/.m2/repository/org/codehaus/plexus/plexus-interpolation/1.14/plexus-interpolation-1.14.jar:/Users/amit/.m2/repository/org/codehaus/plexus/plexus-classworlds/2.2.3/plexus-classworlds-2.2.3.jar:/Users/amit/.m2/repository/org/codehaus/plexus/plexus-component-annotations/1.5.5/plexus-component-annotations-1.5.5.jar:/Users/amit/.m2/repository/org/sonatype/plexus/plexus-sec-dispatcher/1.3/plexus-sec-dispatcher-1.3.jar:/Users/amit/.m2/repository/org/sonatype/plexus/plexus-cipher/1.4/plexus-cipher-1.4.jar:/Users/amit/.m2/repository/commons-io/commons-io/2.1/commons-io-2.1.jar:/Users/amit/.m2/repository/org/slf4j/slf4j-api/2.0.0-alpha1/slf4j-api-2.0.0-alpha1.jar:/Users/amit/.m2/repository/org/slf4j/slf4j-simple/2.0.0-alpha1/slf4j-simple-2.0.0-alpha1.jar:/Users/amit/.m2/repository/io/cucumber/cucumber-guice/6.9.1/cucumber-guice-6.9.1.jar:/Users/amit/.m2/repository/com/google/inject/guice/4.2.3/guice-4.2.3.jar:/Users/amit/.m2/repository/javax/inject/javax.inject/1/javax.inject-1.jar:/Users/amit/.m2/repository/aopalliance/aopalliance/1.0/aopalliance-1.0.jar:/Users/amit/.m2/repository/io/cucumber/cucumber-junit-platform-engine/6.9.1/cucumber-junit-platform-engine-6.9.1.jar:/Users/amit/.m2/repository/org/junit/platform/junit-platform-engine/1.7.0/junit-platform-engine-1.7.0.jar:/Users/amit/.m2/repository/org/opentest4j/opentest4j/1.2.0/opentest4j-1.2.0.jar:/Users/amit/.m2/repository/org/junit/platform/junit-platform-commons/1.7.0/junit-platform-commons-1.7.0.jar:/Users/amit/.m2/repository/org/codehaus/mojo/build-helper-maven-plugin/3.2.0/build-helper-maven-plugin-3.2.0.jar:/Users/amit/.m2/repository/org/codehaus/plexus/plexus-utils/3.0.24/plexus-utils-3.0.24.jar:/Users/amit/.m2/repository/org/apache-extras/beanshell/bsh/2.0b6/bsh-2.0b6.jar:/Users/amit/.m2/repository/org/apache/maven/shared/file-management/3.0.0/file-management-3.0.0.jar:/Users/amit/.m2/repository/org/apache/maven/shared/maven-shared-io/3.0.0/maven-shared-io-3.0.0.jar:/Users/amit/.m2/repository/org/apache/maven/maven-compat/3.0/maven-compat-3.0.jar:/Users/amit/.m2/repository/org/apache/maven/wagon/wagon-provider-api/2.10/wagon-provider-api-2.10.jar:/Users/amit/.m2/repository/org/apache/maven/shared/maven-shared-utils/3.0.0/maven-shared-utils-3.0.0.jar:/Users/amit/.m2/repository/io/qameta/allure/allure-junit5/2.13.8/allure-junit5-2.13.8.jar:/Users/amit/.m2/repository/io/qameta/allure/allure-junit-platform/2.13.8/allure-junit-platform-2.13.8.jar:/Users/amit/.m2/repository/io/qameta/allure/allure-java-commons/2.13.8/allure-java-commons-2.13.8.jar:/Users/amit/.m2/repository/io/qameta/allure/allure-model/2.13.8/allure-model-2.13.8.jar:/Users/amit/.m2/repository/com/fasterxml/jackson/core/jackson-databind/2.11.3/jackson-databind-2.11.3.jar:/Users/amit/.m2/repository/com/fasterxml/jackson/core/jackson-annotations/2.11.3/jackson-annotations-2.11.3.jar:/Users/amit/.m2/repository/com/fasterxml/jackson/core/jackson-core/2.11.3/jackson-core-2.11.3.jar:/Users/amit/.m2/repository/org/apache/tika/tika-core/1.24.1/tika-core-1.24.1.jar:/Users/amit/.m2/repository/org/jooq/joor-java-8/0.9.13/joor-java-8-0.9.13.jar:/Users/amit/.m2/repository/org/junit/jupiter/junit-jupiter-api/5.7.0/junit-jupiter-api-5.7.0.jar:/Users/amit/.m2/repository/org/junit/platform/junit-platform-launcher/1.7.0/junit-platform-launcher-1.7.0.jar:/Users/amit/.m2/repository/org/aspectj/aspectjweaver/1.9.1/aspectjweaver-1.9.1.jar:/Users/amit/.m2/repository/org/apache/maven/surefire/surefire-report-parser/3.0.0-M5/surefire-report-parser-3.0.0-M5.jar:/Users/amit/.m2/repository/org/apache/maven/surefire/surefire-logger-api/3.0.0-M5/surefire-logger-api-3.0.0-M5.jar:/Users/amit/.m2/repository/org/apache/maven/surefire/surefire-shared-utils/3.0.0-M4/surefire-shared-utils-3.0.0-M4.jar:/Users/amit/.m2/repository/org/apache/maven/reporting/maven-reporting-api/3.0/maven-reporting-api-3.0.jar:/Users/amit/.m2/repository/org/apache/maven/reporting/maven-reporting-impl/3.0.0/maven-reporting-impl-3.0.0.jar:/Users/amit/.m2/repository/org/apache/maven/doxia/doxia-sink-api/1.9.1/doxia-sink-api-1.9.1.jar:/Users/amit/.m2/repository/org/apache/maven/doxia/doxia-logging-api/1.9.1/doxia-logging-api-1.9.1.jar:/Users/amit/.m2/repository/org/apache/maven/doxia/doxia-decoration-model/1.9.2/doxia-decoration-model-1.9.2.jar:/Users/amit/.m2/repository/org/apache/maven/doxia/doxia-core/1.9.1/doxia-core-1.9.1.jar:/Users/amit/.m2/repository/org/codehaus/plexus/plexus-container-default/1.7.1/plexus-container-default-1.7.1.jar:/Users/amit/.m2/repository/org/apache/xbean/xbean-reflect/3.7/xbean-reflect-3.7.jar:/Users/amit/.m2/repository/com/google/collections/google-collections/1.0/google-collections-1.0.jar:/Users/amit/.m2/repository/org/apache/commons/commons-lang3/3.5/commons-lang3-3.5.jar:/Users/amit/.m2/repository/org/apache/maven/doxia/doxia-site-renderer/1.9.2/doxia-site-renderer-1.9.2.jar:/Users/amit/.m2/repository/org/apache/maven/doxia/doxia-skin-model/1.9.2/doxia-skin-model-1.9.2.jar:/Users/amit/.m2/repository/org/apache/maven/doxia/doxia-module-xhtml/1.9.1/doxia-module-xhtml-1.9.1.jar:/Users/amit/.m2/repository/org/apache/maven/doxia/doxia-module-xhtml5/1.9.1/doxia-module-xhtml5-1.9.1.jar:/Users/amit/.m2/repository/org/codehaus/plexus/plexus-i18n/1.0-beta-10/plexus-i18n-1.0-beta-10.jar:/Users/amit/.m2/repository/org/codehaus/plexus/plexus-velocity/1.2/plexus-velocity-1.2.jar:/Users/amit/.m2/repository/org/apache/velocity/velocity/1.7/velocity-1.7.jar:/Users/amit/.m2/repository/org/apache/velocity/velocity-tools/2.0/velocity-tools-2.0.jar:/Users/amit/.m2/repository/commons-beanutils/commons-beanutils/1.7.0/commons-beanutils-1.7.0.jar:/Users/amit/.m2/repository/commons-digester/commons-digester/1.8/commons-digester-1.8.jar:/Users/amit/.m2/repository/commons-chain/commons-chain/1.1/commons-chain-1.1.jar:/Users/amit/.m2/repository/dom4j/dom4j/1.1/dom4j-1.1.jar:/Users/amit/.m2/repository/oro/oro/2.0.8/oro-2.0.8.jar:/Users/amit/.m2/repository/commons-collections/commons-collections/3.2.2/commons-collections-3.2.2.jar:/Users/amit/.m2/repository/commons-lang/commons-lang/2.6/commons-lang-2.6.jar:"/>
    <property name="allure.results.directory" value="/Users/amit/Desktop/amit/projects/cucumber-java/allure-results"/>
    <property name="sun.cpu.endian" value="little"/>
    <property name="user.home" value="/Users/amit"/>
    <property name="user.language" value="en"/>
    <property name="java.specification.vendor" value="Oracle Corporation"/>
    <property name="jdk.module.path" value="/Users/amit/Desktop/amit/projects/cucumber-java/target/com.test-1.0-SNAPSHOT.jar"/>
    <property name="java.version.date" value="2020-01-14"/>
    <property name="java.home" value="/Library/Java/JavaVirtualMachines/jdk-13.0.2.jdk/Contents/Home"/>
    <property name="file.separator" value="/"/>
    <property name="basedir" value="/Users/amit/Desktop/amit/projects/cucumber-java"/>
    <property name="java.vm.compressedOopsMode" value="Zero based"/>
    <property name="line.separator" value="&#10;"/>
    <property name="java.vm.specification.vendor" value="Oracle Corporation"/>
    <property name="java.specification.name" value="Java Platform API Specification"/>
    <property name="surefire.real.class.path" value="/Users/amit/.m2/repository/org/apache/maven/surefire/surefire-booter/3.0.0-M5/surefire-booter-3.0.0-M5.jar:/Users/amit/.m2/repository/org/apache/maven/surefire/surefire-api/3.0.0-M5/surefire-api-3.0.0-M5.jar:/Users/amit/.m2/repository/org/apache/maven/surefire/surefire-logger-api/3.0.0-M5/surefire-logger-api-3.0.0-M5.jar:/Users/amit/.m2/repository/org/apache/maven/surefire/surefire-shared-utils/3.0.0-M4/surefire-shared-utils-3.0.0-M4.jar:/Users/amit/.m2/repository/org/apache/maven/surefire/surefire-extensions-spi/3.0.0-M5/surefire-extensions-spi-3.0.0-M5.jar:/Users/amit/Desktop/amit/projects/cucumber-java/target/test-classes:/Users/amit/.m2/repository/junit/junit/4.13/junit-4.13.jar:/Users/amit/.m2/repository/org/hamcrest/hamcrest-core/1.3/hamcrest-core-1.3.jar:/Users/amit/.m2/repository/io/cucumber/cucumber-java/6.9.1/cucumber-java-6.9.1.jar:/Users/amit/.m2/repository/io/cucumber/cucumber-core/6.9.1/cucumber-core-6.9.1.jar:/Users/amit/.m2/repository/io/cucumber/cucumber-gherkin/6.9.1/cucumber-gherkin-6.9.1.jar:/Users/amit/.m2/repository/io/cucumber/cucumber-gherkin-messages/6.9.1/cucumber-gherkin-messages-6.9.1.jar:/Users/amit/.m2/repository/io/cucumber/messages/13.2.1/messages-13.2.1.jar:/Users/amit/.m2/repository/io/cucumber/tag-expressions/3.0.0/tag-expressions-3.0.0.jar:/Users/amit/.m2/repository/io/cucumber/cucumber-expressions/10.3.0/cucumber-expressions-10.3.0.jar:/Users/amit/.m2/repository/io/cucumber/datatable/3.5.0/datatable-3.5.0.jar:/Users/amit/.m2/repository/io/cucumber/cucumber-plugin/6.9.1/cucumber-plugin-6.9.1.jar:/Users/amit/.m2/repository/io/cucumber/docstring/6.9.1/docstring-6.9.1.jar:/Users/amit/.m2/repository/io/cucumber/html-formatter/9.0.0/html-formatter-9.0.0.jar:/Users/amit/.m2/repository/io/cucumber/create-meta/2.0.4/create-meta-2.0.4.jar:/Users/amit/.m2/repository/org/apiguardian/apiguardian-api/1.1.0/apiguardian-api-1.1.0.jar:/Users/amit/.m2/repository/org/assertj/assertj-core/3.16.1/assertj-core-3.16.1.jar:/Users/amit/.m2/repository/org/apache/httpcomponents/httpclient/4.5.12/httpclient-4.5.12.jar:/Users/amit/.m2/repository/org/apache/httpcomponents/httpcore/4.4.13/httpcore-4.4.13.jar:/Users/amit/.m2/repository/commons-logging/commons-logging/1.2/commons-logging-1.2.jar:/Users/amit/.m2/repository/commons-codec/commons-codec/1.11/commons-codec-1.11.jar:/Users/amit/.m2/repository/org/seleniumhq/selenium/selenium-java/3.141.59/selenium-java-3.141.59.jar:/Users/amit/.m2/repository/org/seleniumhq/selenium/selenium-api/3.141.59/selenium-api-3.141.59.jar:/Users/amit/.m2/repository/org/seleniumhq/selenium/selenium-chrome-driver/3.141.59/selenium-chrome-driver-3.141.59.jar:/Users/amit/.m2/repository/org/seleniumhq/selenium/selenium-edge-driver/3.141.59/selenium-edge-driver-3.141.59.jar:/Users/amit/.m2/repository/org/seleniumhq/selenium/selenium-firefox-driver/3.141.59/selenium-firefox-driver-3.141.59.jar:/Users/amit/.m2/repository/org/seleniumhq/selenium/selenium-ie-driver/3.141.59/selenium-ie-driver-3.141.59.jar:/Users/amit/.m2/repository/org/seleniumhq/selenium/selenium-opera-driver/3.141.59/selenium-opera-driver-3.141.59.jar:/Users/amit/.m2/repository/org/seleniumhq/selenium/selenium-remote-driver/3.141.59/selenium-remote-driver-3.141.59.jar:/Users/amit/.m2/repository/org/seleniumhq/selenium/selenium-safari-driver/3.141.59/selenium-safari-driver-3.141.59.jar:/Users/amit/.m2/repository/org/seleniumhq/selenium/selenium-support/3.141.59/selenium-support-3.141.59.jar:/Users/amit/.m2/repository/net/bytebuddy/byte-buddy/1.8.15/byte-buddy-1.8.15.jar:/Users/amit/.m2/repository/org/apache/commons/commons-exec/1.3/commons-exec-1.3.jar:/Users/amit/.m2/repository/com/squareup/okhttp3/okhttp/3.11.0/okhttp-3.11.0.jar:/Users/amit/.m2/repository/com/squareup/okio/okio/1.14.0/okio-1.14.0.jar:/Users/amit/.m2/repository/com/google/guava/guava/25.0-jre/guava-25.0-jre.jar:/Users/amit/.m2/repository/com/google/code/findbugs/jsr305/1.3.9/jsr305-1.3.9.jar:/Users/amit/.m2/repository/org/checkerframework/checker-compat-qual/2.0.0/checker-compat-qual-2.0.0.jar:/Users/amit/.m2/repository/com/google/errorprone/error_prone_annotations/2.1.3/error_prone_annotations-2.1.3.jar:/Users/amit/.m2/repository/com/google/j2objc/j2objc-annotations/1.1/j2objc-annotations-1.1.jar:/Users/amit/.m2/repository/org/codehaus/mojo/animal-sniffer-annotations/1.14/animal-sniffer-annotations-1.14.jar:/Users/amit/.m2/repository/com/bazaarvoice/maven/plugins/process-exec-maven-plugin/0.9/process-exec-maven-plugin-0.9.jar:/Users/amit/.m2/repository/org/apache/maven/plugin-tools/maven-plugin-annotations/3.0/maven-plugin-annotations-3.0.jar:/Users/amit/.m2/repository/org/apache/maven/maven-artifact/3.0/maven-artifact-3.0.jar:/Users/amit/.m2/repository/org/apache/maven/maven-plugin-api/3.0/maven-plugin-api-3.0.jar:/Users/amit/.m2/repository/org/apache/maven/maven-model/3.0/maven-model-3.0.jar:/Users/amit/.m2/repository/org/sonatype/sisu/sisu-inject-plexus/1.4.2/sisu-inject-plexus-1.4.2.jar:/Users/amit/.m2/repository/org/sonatype/sisu/sisu-inject-bean/1.4.2/sisu-inject-bean-1.4.2.jar:/Users/amit/.m2/repository/org/sonatype/sisu/sisu-guice/2.1.7/sisu-guice-2.1.7-noaop.jar:/Users/amit/.m2/repository/org/apache/maven/maven-core/3.0/maven-core-3.0.jar:/Users/amit/.m2/repository/org/apache/maven/maven-settings/3.0/maven-settings-3.0.jar:/Users/amit/.m2/repository/org/apache/maven/maven-settings-builder/3.0/maven-settings-builder-3.0.jar:/Users/amit/.m2/repository/org/apache/maven/maven-repository-metadata/3.0/maven-repository-metadata-3.0.jar:/Users/amit/.m2/repository/org/apache/maven/maven-model-builder/3.0/maven-model-builder-3.0.jar:/Users/amit/.m2/repository/org/apache/maven/maven-aether-provider/3.0/maven-aether-provider-3.0.jar:/Users/amit/.m2/repository/org/sonatype/aether/aether-impl/1.7/aether-impl-1.7.jar:/Users/amit/.m2/repository/org/sonatype/aether/aether-spi/1.7/aether-spi-1.7.jar:/Users/amit/.m2/repository/org/sonatype/aether/aether-api/1.7/aether-api-1.7.jar:/Users/amit/.m2/repository/org/sonatype/aether/aether-util/1.7/aether-util-1.7.jar:/Users/amit/.m2/repository/org/codehaus/plexus/plexus-interpolation/1.14/plexus-interpolation-1.14.jar:/Users/amit/.m2/repository/org/codehaus/plexus/plexus-classworlds/2.2.3/plexus-classworlds-2.2.3.jar:/Users/amit/.m2/repository/org/codehaus/plexus/plexus-component-annotations/1.5.5/plexus-component-annotations-1.5.5.jar:/Users/amit/.m2/repository/org/sonatype/plexus/plexus-sec-dispatcher/1.3/plexus-sec-dispatcher-1.3.jar:/Users/amit/.m2/repository/org/sonatype/plexus/plexus-cipher/1.4/plexus-cipher-1.4.jar:/Users/amit/.m2/repository/commons-io/commons-io/2.1/commons-io-2.1.jar:/Users/amit/.m2/repository/org/slf4j/slf4j-api/2.0.0-alpha1/slf4j-api-2.0.0-alpha1.jar:/Users/amit/.m2/repository/org/slf4j/slf4j-simple/2.0.0-alpha1/slf4j-simple-2.0.0-alpha1.jar:/Users/amit/.m2/repository/io/cucumber/cucumber-guice/6.9.1/cucumber-guice-6.9.1.jar:/Users/amit/.m2/repository/com/google/inject/guice/4.2.3/guice-4.2.3.jar:/Users/amit/.m2/repository/javax/inject/javax.inject/1/javax.inject-1.jar:/Users/amit/.m2/repository/aopalliance/aopalliance/1.0/aopalliance-1.0.jar:/Users/amit/.m2/repository/io/cucumber/cucumber-junit-platform-engine/6.9.1/cucumber-junit-platform-engine-6.9.1.jar:/Users/amit/.m2/repository/org/junit/platform/junit-platform-engine/1.7.0/junit-platform-engine-1.7.0.jar:/Users/amit/.m2/repository/org/opentest4j/opentest4j/1.2.0/opentest4j-1.2.0.jar:/Users/amit/.m2/repository/org/junit/platform/junit-platform-commons/1.7.0/junit-platform-commons-1.7.0.jar:/Users/amit/.m2/repository/org/codehaus/mojo/build-helper-maven-plugin/3.2.0/build-helper-maven-plugin-3.2.0.jar:/Users/amit/.m2/repository/org/codehaus/plexus/plexus-utils/3.0.24/plexus-utils-3.0.24.jar:/Users/amit/.m2/repository/org/apache-extras/beanshell/bsh/2.0b6/bsh-2.0b6.jar:/Users/amit/.m2/repository/org/apache/maven/shared/file-management/3.0.0/file-management-3.0.0.jar:/Users/amit/.m2/repository/org/apache/maven/shared/maven-shared-io/3.0.0/maven-shared-io-3.0.0.jar:/Users/amit/.m2/repository/org/apache/maven/maven-compat/3.0/maven-compat-3.0.jar:/Users/amit/.m2/repository/org/apache/maven/wagon/wagon-provider-api/2.10/wagon-provider-api-2.10.jar:/Users/amit/.m2/repository/org/apache/maven/shared/maven-shared-utils/3.0.0/maven-shared-utils-3.0.0.jar:/Users/amit/.m2/repository/io/qameta/allure/allure-junit5/2.13.8/allure-junit5-2.13.8.jar:/Users/amit/.m2/repository/io/qameta/allure/allure-junit-platform/2.13.8/allure-junit-platform-2.13.8.jar:/Users/amit/.m2/repository/io/qameta/allure/allure-java-commons/2.13.8/allure-java-commons-2.13.8.jar:/Users/amit/.m2/repository/io/qameta/allure/allure-model/2.13.8/allure-model-2.13.8.jar:/Users/amit/.m2/repository/com/fasterxml/jackson/core/jackson-databind/2.11.3/jackson-databind-2.11.3.jar:/Users/amit/.m2/repository/com/fasterxml/jackson/core/jackson-annotations/2.11.3/jackson-annotations-2.11.3.jar:/Users/amit/.m2/repository/com/fasterxml/jackson/core/jackson-core/2.11.3/jackson-core-2.11.3.jar:/Users/amit/.m2/repository/org/apache/tika/tika-core/1.24.1/tika-core-1.24.1.jar:/Users/amit/.m2/repository/org/jooq/joor-java-8/0.9.13/joor-java-8-0.9.13.jar:/Users/amit/.m2/repository/org/junit/jupiter/junit-jupiter-api/5.7.0/junit-jupiter-api-5.7.0.jar:/Users/amit/.m2/repository/org/junit/platform/junit-platform-launcher/1.7.0/junit-platform-launcher-1.7.0.jar:/Users/amit/.m2/repository/org/aspectj/aspectjweaver/1.9.1/aspectjweaver-1.9.1.jar:/Users/amit/.m2/repository/org/apache/maven/surefire/surefire-report-parser/3.0.0-M5/surefire-report-parser-3.0.0-M5.jar:/Users/amit/.m2/repository/org/apache/maven/reporting/maven-reporting-api/3.0/maven-reporting-api-3.0.jar:/Users/amit/.m2/repository/org/apache/maven/reporting/maven-reporting-impl/3.0.0/maven-reporting-impl-3.0.0.jar:/Users/amit/.m2/repository/org/apache/maven/doxia/doxia-sink-api/1.9.1/doxia-sink-api-1.9.1.jar:/Users/amit/.m2/repository/org/apache/maven/doxia/doxia-logging-api/1.9.1/doxia-logging-api-1.9.1.jar:/Users/amit/.m2/repository/org/apache/maven/doxia/doxia-decoration-model/1.9.2/doxia-decoration-model-1.9.2.jar:/Users/amit/.m2/repository/org/apache/maven/doxia/doxia-core/1.9.1/doxia-core-1.9.1.jar:/Users/amit/.m2/repository/org/codehaus/plexus/plexus-container-default/1.7.1/plexus-container-default-1.7.1.jar:/Users/amit/.m2/repository/org/apache/xbean/xbean-reflect/3.7/xbean-reflect-3.7.jar:/Users/amit/.m2/repository/com/google/collections/google-collections/1.0/google-collections-1.0.jar:/Users/amit/.m2/repository/org/apache/commons/commons-lang3/3.5/commons-lang3-3.5.jar:/Users/amit/.m2/repository/org/apache/maven/doxia/doxia-site-renderer/1.9.2/doxia-site-renderer-1.9.2.jar:/Users/amit/.m2/repository/org/apache/maven/doxia/doxia-skin-model/1.9.2/doxia-skin-model-1.9.2.jar:/Users/amit/.m2/repository/org/apache/maven/doxia/doxia-module-xhtml/1.9.1/doxia-module-xhtml-1.9.1.jar:/Users/amit/.m2/repository/org/apache/maven/doxia/doxia-module-xhtml5/1.9.1/doxia-module-xhtml5-1.9.1.jar:/Users/amit/.m2/repository/org/codehaus/plexus/plexus-i18n/1.0-beta-10/plexus-i18n-1.0-beta-10.jar:/Users/amit/.m2/repository/org/codehaus/plexus/plexus-velocity/1.2/plexus-velocity-1.2.jar:/Users/amit/.m2/repository/org/apache/velocity/velocity/1.7/velocity-1.7.jar:/Users/amit/.m2/repository/org/apache/velocity/velocity-tools/2.0/velocity-tools-2.0.jar:/Users/amit/.m2/repository/commons-beanutils/commons-beanutils/1.7.0/commons-beanutils-1.7.0.jar:/Users/amit/.m2/repository/commons-digester/commons-digester/1.8/commons-digester-1.8.jar:/Users/amit/.m2/repository/commons-chain/commons-chain/1.1/commons-chain-1.1.jar:/Users/amit/.m2/repository/dom4j/dom4j/1.1/dom4j-1.1.jar:/Users/amit/.m2/repository/oro/oro/2.0.8/oro-2.0.8.jar:/Users/amit/.m2/repository/commons-collections/commons-collections/3.2.2/commons-collections-3.2.2.jar:/Users/amit/.m2/repository/commons-lang/commons-lang/2.6/commons-lang-2.6.jar:/Users/amit/.m2/repository/org/apache/maven/surefire/surefire-junit-platform/3.0.0-M5/surefire-junit-platform-3.0.0-M5.jar:/Users/amit/.m2/repository/org/apache/maven/surefire/common-java5/3.0.0-M5/common-java5-3.0.0-M5.jar:/Users/amit/.m2/repository/org/junit/jupiter/junit-jupiter-engine/5.7.0/junit-jupiter-engine-5.7.0.jar:/Users/amit/.m2/repository/org/junit/vintage/junit-vintage-engine/5.7.0/junit-vintage-engine-5.7.0.jar"/>
    <property name="sun.management.compiler" value="HotSpot 64-Bit Tiered Compilers"/>
    <property name="ftp.nonProxyHosts" value="local|*.local|169.254/16|*.169.254/16"/>
    <property name="java.runtime.version" value="13.0.2+8"/>
    <property name="user.name" value="amit"/>
    <property name="path.separator" value=":"/>
    <property name="os.version" value="10.15.4"/>
    <property name="java.runtime.name" value="Java(TM) SE Runtime Environment"/>
    <property name="file.encoding" value="UTF-8"/>
    <property name="java.vm.name" value="Java HotSpot(TM) 64-Bit Server VM"/>
    <property name="localRepository" value="/Users/amit/.m2/repository"/>
    <property name="java.vendor.url.bug" value="https://bugreport.java.com/bugreport/"/>
    <property name="java.io.tmpdir" value="/var/folders/kr/vnl6k8r90wx4cbmv4m26d4480000gn/T/"/>
    <property name="idea.version" value="2020.3.1"/>
    <property name="java.version" value="13.0.2"/>
    <property name="user.dir" value="/Users/amit/Desktop/amit/projects/cucumber-java"/>
    <property name="os.arch" value="x86_64"/>
    <property name="java.vm.specification.name" value="Java Virtual Machine Specification"/>
    <property name="java.library.path" value="/Users/amit/Library/Java/Extensions:/Library/Java/Extensions:/Network/Library/Java/Extensions:/System/Library/Java/Extensions:/usr/lib/java:."/>
    <property name="junit.jupiter.extensions.autodetection.enabled" value="true"/>
    <property name="java.vm.info" value="mixed mode"/>
    <property name="java.vendor" value="Oracle Corporation"/>
    <property name="java.vm.version" value="13.0.2+8"/>
    <property name="sun.io.unicode.encoding" value="UnicodeBig"/>
    <property name="socksNonProxyHosts" value="local|*.local|169.254/16|*.169.254/16"/>
    <property name="java.class.version" value="57.0"/>
  </properties>
  <testcase name="Example #1" classname="Examples" time="17.983">
    <system-err><![CDATA[Starting ChromeDriver 87.0.4280.88 (89e2380a3e36c3464b5dd1302349b1382549290d-refs/branch-heads/4280@{#1761}) on port 24589
Only local connections are allowed.
Please see https://chromedriver.chromium.org/security-considerations for suggestions on keeping ChromeDriver safe.
ChromeDriver was started successfully.
Jan 19, 2021 6:37:01 PM org.openqa.selenium.remote.ProtocolHandshake createSession
INFO: Detected dialect: W3C
]]></system-err>
  </testcase>
  <testcase name="OpenSite(String)" classname="com.test.stepdefs.InitialIT" time="0.015">
    <error type="org.junit.jupiter.api.extension.ParameterResolutionException"><![CDATA[org.junit.jupiter.api.extension.ParameterResolutionException: No ParameterResolver registered for parameter [com.test.support.Global arg0] in constructor [public com.test.stepdefs.InitialIT(com.test.support.Global)].
]]></error>
    <system-err><![CDATA[&amp#27;[32m&amp#27;[1m┌───────────────────────────────────────────────────────────────────────────────────┐&amp#27;[0m
&amp#27;[32m&amp#27;[1m│&amp#27;[0m Share your Cucumber Report with your team at &amp#27;[36m&amp#27;[1m&amp#27;[4mhttps://reports.cucumber.io&amp#27;[0m          &amp#27;[32m&amp#27;[1m│&amp#27;[0m
&amp#27;[32m&amp#27;[1m│&amp#27;[0m Activate publishing with one of the following:                                    &amp#27;[32m&amp#27;[1m│&amp#27;[0m
&amp#27;[32m&amp#27;[1m│&amp#27;[0m                                                                                   &amp#27;[32m&amp#27;[1m│&amp#27;[0m
&amp#27;[32m&amp#27;[1m│&amp#27;[0m src/test/resources/cucumber.properties:          &amp#27;[36mcucumber.publish.enabled&amp#27;[0m=&amp#27;[36mtrue&amp#27;[0m    &amp#27;[32m&amp#27;[1m│&amp#27;[0m
&amp#27;[32m&amp#27;[1m│&amp#27;[0m src/test/resources/junit-platform.properties:    &amp#27;[36mcucumber.publish.enabled&amp#27;[0m=&amp#27;[36mtrue&amp#27;[0m    &amp#27;[32m&amp#27;[1m│&amp#27;[0m
&amp#27;[32m&amp#27;[1m│&amp#27;[0m Environment variable:                            &amp#27;[36mCUCUMBER_PUBLISH_ENABLED&amp#27;[0m=&amp#27;[36mtrue&amp#27;[0m    &amp#27;[32m&amp#27;[1m│&amp#27;[0m
&amp#27;[32m&amp#27;[1m│&amp#27;[0m JUnit:                                           &amp#27;[36m@CucumberOptions&amp#27;[0m(publish = &amp#27;[36mtrue&amp#27;[0m) &amp#27;[32m&amp#27;[1m│&amp#27;[0m
&amp#27;[32m&amp#27;[1m│&amp#27;[0m                                                                                   &amp#27;[32m&amp#27;[1m│&amp#27;[0m
&amp#27;[32m&amp#27;[1m│&amp#27;[0m More information at &amp#27;[36mhttps://reports.cucumber.io/docs/cucumber-jvm&amp#27;[0m                 &amp#27;[32m&amp#27;[1m│&amp#27;[0m
&amp#27;[32m&amp#27;[1m│&amp#27;[0m                                                                                   &amp#27;[32m&amp#27;[1m│&amp#27;[0m
&amp#27;[32m&amp#27;[1m│&amp#27;[0m Disable this message with one of the following:                                   &amp#27;[32m&amp#27;[1m│&amp#27;[0m
&amp#27;[32m&amp#27;[1m│&amp#27;[0m                                                                                   &amp#27;[32m&amp#27;[1m│&amp#27;[0m
&amp#27;[32m&amp#27;[1m│&amp#27;[0m src/test/resources/cucumber.properties:          &amp#27;[36mcucumber.publish.quiet&amp#27;[0m=&amp#27;[36mtrue&amp#27;[0m      &amp#27;[32m&amp#27;[1m│&amp#27;[0m
&amp#27;[32m&amp#27;[1m│&amp#27;[0m src/test/resources/junit-platform.properties:    &amp#27;[36mcucumber.publish.quiet&amp#27;[0m=&amp#27;[36mtrue&amp#27;[0m      &amp#27;[32m&amp#27;[1m│&amp#27;[0m
&amp#27;[32m&amp#27;[1m└───────────────────────────────────────────────────────────────────────────────────┘&amp#27;[0m
]]></system-err>
  </testcase>
  <testcase name="AddUser(String,String,String,String,String,String)" classname="com.test.stepdefs.InitialIT" time="0.019">
    <error type="org.junit.jupiter.api.extension.ParameterResolutionException"><![CDATA[org.junit.jupiter.api.extension.ParameterResolutionException: No ParameterResolver registered for parameter [com.test.support.Global arg0] in constructor [public com.test.stepdefs.InitialIT(com.test.support.Global)].
]]></error>
  </testcase>
</testsuite>