<?xml version="1.0" encoding="UTF-8"?>
<testsuite xmlns:xsi="http://www.w3.org/2001/XMLSchema-instance" xsi:noNamespaceSchemaLocation="https://maven.apache.org/surefire/maven-failsafe-plugin/xsd/failsafe-test-report-3.0.xsd" version="3.0" name="com.test.AcceptanceTestRerunIT" time="0.184" tests="1" errors="1" skipped="0" failures="0">
  <properties>
    <property name="java.specification.version" value="13"/>
    <property name="sun.jnu.encoding" value="UTF-8"/>
    <property name="java.class.path" value="/Users/amit/Desktop/amit/projects/cucumber-java-restAssured/target/test-classes:/Users/amit/.m2/repository/org/slf4j/slf4j-api/2.0.0-alpha1/slf4j-api-2.0.0-alpha1.jar:/Users/amit/.m2/repository/io/cucumber/cucumber-java/6.9.1/cucumber-java-6.9.1.jar:/Users/amit/.m2/repository/io/cucumber/cucumber-core/6.9.1/cucumber-core-6.9.1.jar:/Users/amit/.m2/repository/io/cucumber/cucumber-gherkin/6.9.1/cucumber-gherkin-6.9.1.jar:/Users/amit/.m2/repository/io/cucumber/cucumber-gherkin-messages/6.9.1/cucumber-gherkin-messages-6.9.1.jar:/Users/amit/.m2/repository/io/cucumber/messages/13.2.1/messages-13.2.1.jar:/Users/amit/.m2/repository/io/cucumber/tag-expressions/3.0.0/tag-expressions-3.0.0.jar:/Users/amit/.m2/repository/io/cucumber/cucumber-expressions/10.3.0/cucumber-expressions-10.3.0.jar:/Users/amit/.m2/repository/io/cucumber/datatable/3.5.0/datatable-3.5.0.jar:/Users/amit/.m2/repository/io/cucumber/cucumber-plugin/6.9.1/cucumber-plugin-6.9.1.jar:/Users/amit/.m2/repository/io/cucumber/docstring/6.9.1/docstring-6.9.1.jar:/Users/amit/.m2/repository/io/cucumber/html-formatter/9.0.0/html-formatter-9.0.0.jar:/Users/amit/.m2/repository/io/cucumber/create-meta/2.0.4/create-meta-2.0.4.jar:/Users/amit/.m2/repository/org/apiguardian/apiguardian-api/1.1.0/apiguardian-api-1.1.0.jar:/Users/amit/.m2/repository/io/cucumber/cucumber-junit/6.9.1/cucumber-junit-6.9.1.jar:/Users/amit/.m2/repository/junit/junit/4.13.1/junit-4.13.1.jar:/Users/amit/.m2/repository/org/hamcrest/hamcrest-core/1.3/hamcrest-core-1.3.jar:/Users/amit/.m2/repository/io/rest-assured/rest-assured/4.3.3/rest-assured-4.3.3.jar:/Users/amit/.m2/repository/org/codehaus/groovy/groovy/3.0.7/groovy-3.0.7.jar:/Users/amit/.m2/repository/org/codehaus/groovy/groovy-xml/3.0.7/groovy-xml-3.0.7.jar:/Users/amit/.m2/repository/org/apache/httpcomponents/httpclient/4.5.3/httpclient-4.5.3.jar:/Users/amit/.m2/repository/org/apache/httpcomponents/httpcore/4.4.6/httpcore-4.4.6.jar:/Users/amit/.m2/repository/commons-logging/commons-logging/1.2/commons-logging-1.2.jar:/Users/amit/.m2/repository/commons-codec/commons-codec/1.9/commons-codec-1.9.jar:/Users/amit/.m2/repository/org/apache/httpcomponents/httpmime/4.5.3/httpmime-4.5.3.jar:/Users/amit/.m2/repository/org/hamcrest/hamcrest/2.1/hamcrest-2.1.jar:/Users/amit/.m2/repository/org/ccil/cowan/tagsoup/tagsoup/1.2.1/tagsoup-1.2.1.jar:/Users/amit/.m2/repository/io/rest-assured/json-path/4.3.3/json-path-4.3.3.jar:/Users/amit/.m2/repository/org/codehaus/groovy/groovy-json/3.0.7/groovy-json-3.0.7.jar:/Users/amit/.m2/repository/io/rest-assured/rest-assured-common/4.3.3/rest-assured-common-4.3.3.jar:/Users/amit/.m2/repository/io/rest-assured/xml-path/4.3.3/xml-path-4.3.3.jar:/Users/amit/.m2/repository/org/apache/commons/commons-lang3/3.11/commons-lang3-3.11.jar:/Users/amit/.m2/repository/jakarta/xml/bind/jakarta.xml.bind-api/2.3.3/jakarta.xml.bind-api-2.3.3.jar:/Users/amit/.m2/repository/jakarta/activation/jakarta.activation-api/1.2.2/jakarta.activation-api-1.2.2.jar:/Users/amit/.m2/repository/com/sun/xml/bind/jaxb-impl/2.3.3/jaxb-impl-2.3.3.jar:/Users/amit/.m2/repository/org/assertj/assertj-core/3.19.0/assertj-core-3.19.0.jar:/Users/amit/.m2/repository/net/javacrumbs/json-unit/json-unit/2.24.0/json-unit-2.24.0.jar:/Users/amit/.m2/repository/net/javacrumbs/json-unit/json-unit-core/2.24.0/json-unit-core-2.24.0.jar:/Users/amit/.m2/repository/net/javacrumbs/json-unit/json-unit-assertj/2.24.0/json-unit-assertj-2.24.0.jar:/Users/amit/.m2/repository/net/javacrumbs/json-unit/json-unit-json-path/2.24.0/json-unit-json-path-2.24.0.jar:/Users/amit/.m2/repository/com/jayway/jsonpath/json-path/2.4.0/json-path-2.4.0.jar:/Users/amit/.m2/repository/net/minidev/json-smart/2.3/json-smart-2.3.jar:/Users/amit/.m2/repository/net/minidev/accessors-smart/1.2/accessors-smart-1.2.jar:/Users/amit/.m2/repository/org/ow2/asm/asm/5.0.4/asm-5.0.4.jar:/Users/amit/.m2/repository/org/json/json/20201115/json-20201115.jar:"/>
    <property name="java.vm.vendor" value="Oracle Corporation"/>
    <property name="sun.arch.data.model" value="64"/>
    <property name="java.vendor.url" value="https://java.oracle.com/"/>
    <property name="os.name" value="Mac OS X"/>
    <property name="java.vm.specification.version" value="13"/>
    <property name="sun.java.launcher" value="SUN_STANDARD"/>
    <property name="user.country" value="US"/>
    <property name="sun.boot.library.path" value="/Library/Java/JavaVirtualMachines/jdk-13.0.2.jdk/Contents/Home/lib"/>
    <property name="sun.java.command" value="org.apache.maven.surefire.booter.ForkedBooter /Users/amit/Desktop/amit/projects/cucumber-java-restAssured/target/surefire 2021-03-18T14-34-06_328-jvmRun1 surefire15357857694334019442tmp surefire_018184860080998693901tmp"/>
    <property name="http.nonProxyHosts" value="local|*.local|169.254/16|*.169.254/16"/>
    <property name="jdk.debug" value="release"/>
    <property name="surefire.test.class.path" value="/Users/amit/Desktop/amit/projects/cucumber-java-restAssured/target/test-classes:/Users/amit/.m2/repository/org/slf4j/slf4j-api/2.0.0-alpha1/slf4j-api-2.0.0-alpha1.jar:/Users/amit/.m2/repository/io/cucumber/cucumber-java/6.9.1/cucumber-java-6.9.1.jar:/Users/amit/.m2/repository/io/cucumber/cucumber-core/6.9.1/cucumber-core-6.9.1.jar:/Users/amit/.m2/repository/io/cucumber/cucumber-gherkin/6.9.1/cucumber-gherkin-6.9.1.jar:/Users/amit/.m2/repository/io/cucumber/cucumber-gherkin-messages/6.9.1/cucumber-gherkin-messages-6.9.1.jar:/Users/amit/.m2/repository/io/cucumber/messages/13.2.1/messages-13.2.1.jar:/Users/amit/.m2/repository/io/cucumber/tag-expressions/3.0.0/tag-expressions-3.0.0.jar:/Users/amit/.m2/repository/io/cucumber/cucumber-expressions/10.3.0/cucumber-expressions-10.3.0.jar:/Users/amit/.m2/repository/io/cucumber/datatable/3.5.0/datatable-3.5.0.jar:/Users/amit/.m2/repository/io/cucumber/cucumber-plugin/6.9.1/cucumber-plugin-6.9.1.jar:/Users/amit/.m2/repository/io/cucumber/docstring/6.9.1/docstring-6.9.1.jar:/Users/amit/.m2/repository/io/cucumber/html-formatter/9.0.0/html-formatter-9.0.0.jar:/Users/amit/.m2/repository/io/cucumber/create-meta/2.0.4/create-meta-2.0.4.jar:/Users/amit/.m2/repository/org/apiguardian/apiguardian-api/1.1.0/apiguardian-api-1.1.0.jar:/Users/amit/.m2/repository/io/cucumber/cucumber-junit/6.9.1/cucumber-junit-6.9.1.jar:/Users/amit/.m2/repository/junit/junit/4.13.1/junit-4.13.1.jar:/Users/amit/.m2/repository/org/hamcrest/hamcrest-core/1.3/hamcrest-core-1.3.jar:/Users/amit/.m2/repository/io/rest-assured/rest-assured/4.3.3/rest-assured-4.3.3.jar:/Users/amit/.m2/repository/org/codehaus/groovy/groovy/3.0.7/groovy-3.0.7.jar:/Users/amit/.m2/repository/org/codehaus/groovy/groovy-xml/3.0.7/groovy-xml-3.0.7.jar:/Users/amit/.m2/repository/org/apache/httpcomponents/httpclient/4.5.3/httpclient-4.5.3.jar:/Users/amit/.m2/repository/org/apache/httpcomponents/httpcore/4.4.6/httpcore-4.4.6.jar:/Users/amit/.m2/repository/commons-logging/commons-logging/1.2/commons-logging-1.2.jar:/Users/amit/.m2/repository/commons-codec/commons-codec/1.9/commons-codec-1.9.jar:/Users/amit/.m2/repository/org/apache/httpcomponents/httpmime/4.5.3/httpmime-4.5.3.jar:/Users/amit/.m2/repository/org/hamcrest/hamcrest/2.1/hamcrest-2.1.jar:/Users/amit/.m2/repository/org/ccil/cowan/tagsoup/tagsoup/1.2.1/tagsoup-1.2.1.jar:/Users/amit/.m2/repository/io/rest-assured/json-path/4.3.3/json-path-4.3.3.jar:/Users/amit/.m2/repository/org/codehaus/groovy/groovy-json/3.0.7/groovy-json-3.0.7.jar:/Users/amit/.m2/repository/io/rest-assured/rest-assured-common/4.3.3/rest-assured-common-4.3.3.jar:/Users/amit/.m2/repository/io/rest-assured/xml-path/4.3.3/xml-path-4.3.3.jar:/Users/amit/.m2/repository/org/apache/commons/commons-lang3/3.11/commons-lang3-3.11.jar:/Users/amit/.m2/repository/jakarta/xml/bind/jakarta.xml.bind-api/2.3.3/jakarta.xml.bind-api-2.3.3.jar:/Users/amit/.m2/repository/jakarta/activation/jakarta.activation-api/1.2.2/jakarta.activation-api-1.2.2.jar:/Users/amit/.m2/repository/com/sun/xml/bind/jaxb-impl/2.3.3/jaxb-impl-2.3.3.jar:/Users/amit/.m2/repository/org/assertj/assertj-core/3.19.0/assertj-core-3.19.0.jar:/Users/amit/.m2/repository/net/javacrumbs/json-unit/json-unit/2.24.0/json-unit-2.24.0.jar:/Users/amit/.m2/repository/net/javacrumbs/json-unit/json-unit-core/2.24.0/json-unit-core-2.24.0.jar:/Users/amit/.m2/repository/net/javacrumbs/json-unit/json-unit-assertj/2.24.0/json-unit-assertj-2.24.0.jar:/Users/amit/.m2/repository/net/javacrumbs/json-unit/json-unit-json-path/2.24.0/json-unit-json-path-2.24.0.jar:/Users/amit/.m2/repository/com/jayway/jsonpath/json-path/2.4.0/json-path-2.4.0.jar:/Users/amit/.m2/repository/net/minidev/json-smart/2.3/json-smart-2.3.jar:/Users/amit/.m2/repository/net/minidev/accessors-smart/1.2/accessors-smart-1.2.jar:/Users/amit/.m2/repository/org/ow2/asm/asm/5.0.4/asm-5.0.4.jar:/Users/amit/.m2/repository/org/json/json/20201115/json-20201115.jar:"/>
    <property name="sun.cpu.endian" value="little"/>
    <property name="user.home" value="/Users/amit"/>
    <property name="user.language" value="en"/>
    <property name="java.specification.vendor" value="Oracle Corporation"/>
    <property name="jdk.module.path" value="/Users/amit/Desktop/amit/projects/cucumber-java-restAssured/target/com.test-1.0-SNAPSHOT.jar"/>
    <property name="java.version.date" value="2020-01-14"/>
    <property name="java.home" value="/Library/Java/JavaVirtualMachines/jdk-13.0.2.jdk/Contents/Home"/>
    <property name="file.separator" value="/"/>
    <property name="basedir" value="/Users/amit/Desktop/amit/projects/cucumber-java-restAssured"/>
    <property name="java.vm.compressedOopsMode" value="Zero based"/>
    <property name="line.separator" value="&#10;"/>
    <property name="java.specification.name" value="Java Platform API Specification"/>
    <property name="java.vm.specification.vendor" value="Oracle Corporation"/>
    <property name="surefire.real.class.path" value="/Users/amit/.m2/repository/org/apache/maven/surefire/surefire-booter/3.0.0-M5/surefire-booter-3.0.0-M5.jar:/Users/amit/.m2/repository/org/apache/maven/surefire/surefire-api/3.0.0-M5/surefire-api-3.0.0-M5.jar:/Users/amit/.m2/repository/org/apache/maven/surefire/surefire-logger-api/3.0.0-M5/surefire-logger-api-3.0.0-M5.jar:/Users/amit/.m2/repository/org/apache/maven/surefire/surefire-shared-utils/3.0.0-M4/surefire-shared-utils-3.0.0-M4.jar:/Users/amit/.m2/repository/org/apache/maven/surefire/surefire-extensions-spi/3.0.0-M5/surefire-extensions-spi-3.0.0-M5.jar:/Users/amit/Desktop/amit/projects/cucumber-java-restAssured/target/test-classes:/Users/amit/.m2/repository/org/slf4j/slf4j-api/2.0.0-alpha1/slf4j-api-2.0.0-alpha1.jar:/Users/amit/.m2/repository/io/cucumber/cucumber-java/6.9.1/cucumber-java-6.9.1.jar:/Users/amit/.m2/repository/io/cucumber/cucumber-core/6.9.1/cucumber-core-6.9.1.jar:/Users/amit/.m2/repository/io/cucumber/cucumber-gherkin/6.9.1/cucumber-gherkin-6.9.1.jar:/Users/amit/.m2/repository/io/cucumber/cucumber-gherkin-messages/6.9.1/cucumber-gherkin-messages-6.9.1.jar:/Users/amit/.m2/repository/io/cucumber/messages/13.2.1/messages-13.2.1.jar:/Users/amit/.m2/repository/io/cucumber/tag-expressions/3.0.0/tag-expressions-3.0.0.jar:/Users/amit/.m2/repository/io/cucumber/cucumber-expressions/10.3.0/cucumber-expressions-10.3.0.jar:/Users/amit/.m2/repository/io/cucumber/datatable/3.5.0/datatable-3.5.0.jar:/Users/amit/.m2/repository/io/cucumber/cucumber-plugin/6.9.1/cucumber-plugin-6.9.1.jar:/Users/amit/.m2/repository/io/cucumber/docstring/6.9.1/docstring-6.9.1.jar:/Users/amit/.m2/repository/io/cucumber/html-formatter/9.0.0/html-formatter-9.0.0.jar:/Users/amit/.m2/repository/io/cucumber/create-meta/2.0.4/create-meta-2.0.4.jar:/Users/amit/.m2/repository/org/apiguardian/apiguardian-api/1.1.0/apiguardian-api-1.1.0.jar:/Users/amit/.m2/repository/io/cucumber/cucumber-junit/6.9.1/cucumber-junit-6.9.1.jar:/Users/amit/.m2/repository/junit/junit/4.13.1/junit-4.13.1.jar:/Users/amit/.m2/repository/org/hamcrest/hamcrest-core/1.3/hamcrest-core-1.3.jar:/Users/amit/.m2/repository/io/rest-assured/rest-assured/4.3.3/rest-assured-4.3.3.jar:/Users/amit/.m2/repository/org/codehaus/groovy/groovy/3.0.7/groovy-3.0.7.jar:/Users/amit/.m2/repository/org/codehaus/groovy/groovy-xml/3.0.7/groovy-xml-3.0.7.jar:/Users/amit/.m2/repository/org/apache/httpcomponents/httpclient/4.5.3/httpclient-4.5.3.jar:/Users/amit/.m2/repository/org/apache/httpcomponents/httpcore/4.4.6/httpcore-4.4.6.jar:/Users/amit/.m2/repository/commons-logging/commons-logging/1.2/commons-logging-1.2.jar:/Users/amit/.m2/repository/commons-codec/commons-codec/1.9/commons-codec-1.9.jar:/Users/amit/.m2/repository/org/apache/httpcomponents/httpmime/4.5.3/httpmime-4.5.3.jar:/Users/amit/.m2/repository/org/hamcrest/hamcrest/2.1/hamcrest-2.1.jar:/Users/amit/.m2/repository/org/ccil/cowan/tagsoup/tagsoup/1.2.1/tagsoup-1.2.1.jar:/Users/amit/.m2/repository/io/rest-assured/json-path/4.3.3/json-path-4.3.3.jar:/Users/amit/.m2/repository/org/codehaus/groovy/groovy-json/3.0.7/groovy-json-3.0.7.jar:/Users/amit/.m2/repository/io/rest-assured/rest-assured-common/4.3.3/rest-assured-common-4.3.3.jar:/Users/amit/.m2/repository/io/rest-assured/xml-path/4.3.3/xml-path-4.3.3.jar:/Users/amit/.m2/repository/org/apache/commons/commons-lang3/3.11/commons-lang3-3.11.jar:/Users/amit/.m2/repository/jakarta/xml/bind/jakarta.xml.bind-api/2.3.3/jakarta.xml.bind-api-2.3.3.jar:/Users/amit/.m2/repository/jakarta/activation/jakarta.activation-api/1.2.2/jakarta.activation-api-1.2.2.jar:/Users/amit/.m2/repository/com/sun/xml/bind/jaxb-impl/2.3.3/jaxb-impl-2.3.3.jar:/Users/amit/.m2/repository/org/assertj/assertj-core/3.19.0/assertj-core-3.19.0.jar:/Users/amit/.m2/repository/net/javacrumbs/json-unit/json-unit/2.24.0/json-unit-2.24.0.jar:/Users/amit/.m2/repository/net/javacrumbs/json-unit/json-unit-core/2.24.0/json-unit-core-2.24.0.jar:/Users/amit/.m2/repository/net/javacrumbs/json-unit/json-unit-assertj/2.24.0/json-unit-assertj-2.24.0.jar:/Users/amit/.m2/repository/net/javacrumbs/json-unit/json-unit-json-path/2.24.0/json-unit-json-path-2.24.0.jar:/Users/amit/.m2/repository/com/jayway/jsonpath/json-path/2.4.0/json-path-2.4.0.jar:/Users/amit/.m2/repository/net/minidev/json-smart/2.3/json-smart-2.3.jar:/Users/amit/.m2/repository/net/minidev/accessors-smart/1.2/accessors-smart-1.2.jar:/Users/amit/.m2/repository/org/ow2/asm/asm/5.0.4/asm-5.0.4.jar:/Users/amit/.m2/repository/org/json/json/20201115/json-20201115.jar:/Users/amit/.m2/repository/org/apache/maven/surefire/surefire-junit4/3.0.0-M5/surefire-junit4-3.0.0-M5.jar:/Users/amit/.m2/repository/org/apache/maven/surefire/common-java5/3.0.0-M5/common-java5-3.0.0-M5.jar:/Users/amit/.m2/repository/org/apache/maven/surefire/common-junit3/3.0.0-M5/common-junit3-3.0.0-M5.jar:/Users/amit/.m2/repository/org/apache/maven/surefire/common-junit4/3.0.0-M5/common-junit4-3.0.0-M5.jar"/>
    <property name="sun.management.compiler" value="HotSpot 64-Bit Tiered Compilers"/>
    <property name="ftp.nonProxyHosts" value="local|*.local|169.254/16|*.169.254/16"/>
    <property name="java.runtime.version" value="13.0.2+8"/>
    <property name="user.name" value="amit"/>
    <property name="path.separator" value=":"/>
    <property name="os.version" value="10.15.7"/>
    <property name="java.runtime.name" value="Java(TM) SE Runtime Environment"/>
    <property name="file.encoding" value="UTF-8"/>
    <property name="java.vm.name" value="Java HotSpot(TM) 64-Bit Server VM"/>
    <property name="localRepository" value="/Users/amit/.m2/repository"/>
    <property name="java.vendor.url.bug" value="https://bugreport.java.com/bugreport/"/>
    <property name="java.io.tmpdir" value="/var/folders/kr/vnl6k8r90wx4cbmv4m26d4480000gn/T/"/>
    <property name="idea.version" value="2020.3.1"/>
    <property name="java.version" value="13.0.2"/>
    <property name="user.dir" value="/Users/amit/Desktop/amit/projects/cucumber-java-restAssured"/>
    <property name="os.arch" value="x86_64"/>
    <property name="java.vm.specification.name" value="Java Virtual Machine Specification"/>
    <property name="java.library.path" value="/Users/amit/Library/Java/Extensions:/Library/Java/Extensions:/Network/Library/Java/Extensions:/System/Library/Java/Extensions:/usr/lib/java:."/>
    <property name="java.vm.info" value="mixed mode"/>
    <property name="java.vendor" value="Oracle Corporation"/>
    <property name="java.vm.version" value="13.0.2+8"/>
    <property name="sun.io.unicode.encoding" value="UnicodeBig"/>
    <property name="socksNonProxyHosts" value="local|*.local|169.254/16|*.169.254/16"/>
    <property name="java.class.version" value="57.0"/>
  </properties>
  <testcase name="initializationError" classname="com.test.AcceptanceTestRerunIT" time="0.01">
    <error message="Failed to parse &apos;target/rerun.txt&apos;" type="io.cucumber.core.exception.CucumberException"><![CDATA[io.cucumber.core.exception.CucumberException: Failed to parse 'target/rerun.txt'
Caused by: java.nio.file.NoSuchFileException: target/rerun.txt
]]></error>
  </testcase>
</testsuite>